<?xml version="1.0" encoding="UTF-8"?>
<!-- Generated by org.testng.reporters.JUnitReportReporter -->
<testsuite hostname="Divyashree-PC" failures="0" tests="1" name="sample.VerifyNavigationToPaymentPage" time="31.133" errors="0" timestamp="25 Apr 2019 11:36:15 GMT" skipped="0">
  <testcase classname="sample.VerifyNavigationToPaymentPage" name="verify" time="31.133"/>
</testsuite> <!-- sample.VerifyNavigationToPaymentPage -->
