<?xml version="1.0" encoding="UTF-8"?>
<!-- Generated by org.testng.reporters.JUnitReportReporter -->
<testsuite hostname="Divyashree-PC" failures="0" tests="1" name="sample.GetTitle" time="21.357" errors="0" timestamp="26 Apr 2019 05:34:35 GMT" skipped="0">
  <testcase classname="sample.GetTitle" name="getTitle" time="21.357"/>
</testsuite> <!-- sample.GetTitle -->
