<?xml version="1.0" encoding="UTF-8"?>
<!-- Generated by org.testng.reporters.JUnitReportReporter -->
<testsuite hostname="Divyashree-PC" failures="0" tests="1" name="sample.GetTitle" time="15.453" errors="0" timestamp="25 Apr 2019 11:31:00 GMT" skipped="0">
  <testcase classname="sample.GetTitle" name="getTitle" time="15.453"/>
</testsuite> <!-- sample.GetTitle -->
