<?xml version="1.0" encoding="UTF-8"?>
<!-- Generated by org.testng.reporters.JUnitReportReporter -->
<testsuite hostname="Divyashree-PC" failures="0" tests="1" name="sample.GetTitle" time="0.015" errors="0" timestamp="25 Apr 2019 12:28:19 GMT" skipped="0">
  <testcase classname="sample.GetTitle" name="getTitle" time="0.015"/>
</testsuite> <!-- sample.GetTitle -->
